{"D:\\Hacktiv\\phase 2\\IP-HCK81\\server\\index.js": {"path":"D:\\Hacktiv\\phase 2\\IP-HCK81\\server\\index.js","statementMap":{"0":{"start":{"line":1,"column":0},"end":{"line":3,"column":1}},"1":{"start":{"line":2,"column":2},"end":{"line":2,"column":29}},"2":{"start":{"line":4,"column":16},"end":{"line":4,"column":34}},"3":{"start":{"line":5,"column":15},"end":{"line":5,"column":34}},"4":{"start":{"line":6,"column":25},"end":{"line":6,"column":62}},"5":{"start":{"line":7,"column":12},"end":{"line":7,"column":21}},"6":{"start":{"line":8,"column":13},"end":{"line":8,"column":28}},"7":{"start":{"line":10,"column":0},"end":{"line":10,"column":16}},"8":{"start":{"line":11,"column":0},"end":{"line":11,"column":49}},"9":{"start":{"line":12,"column":0},"end":{"line":12,"column":24}},"10":{"start":{"line":14,"column":0},"end":{"line":14,"column":20}},"11":{"start":{"line":16,"column":0},"end":{"line":16,"column":21}},"12":{"start":{"line":20,"column":0},"end":{"line":20,"column":20}}},"fnMap":{},"branchMap":{"0":{"loc":{"start":{"line":1,"column":0},"end":{"line":3,"column":1}},"type":"if","locations":[{"start":{"line":1,"column":0},"end":{"line":3,"column":1}},{"start":{},"end":{}}],"line":1}},"s":{"0":1,"1":1,"2":1,"3":1,"4":1,"5":1,"6":1,"7":1,"8":1,"9":1,"10":1,"11":1,"12":1},"f":{},"b":{"0":[1,0]},"_coverageSchema":"1a1c01bbd47fc00a2c39e90264f33305004495a9","hash":"b480e0cb6a273e63a03cadf0acc0dc6197d55e17"}
,"D:\\Hacktiv\\phase 2\\IP-HCK81\\server\\controllers\\gameController.js": {"path":"D:\\Hacktiv\\phase 2\\IP-HCK81\\server\\controllers\\gameController.js","statementMap":{"0":{"start":{"line":1,"column":33},"end":{"line":1,"column":53}},"1":{"start":{"line":2,"column":24},"end":{"line":2,"column":48}},"2":{"start":{"line":4,"column":0},"end":{"line":71,"column":1}},"3":{"start":{"line":6,"column":8},"end":{"line":11,"column":9}},"4":{"start":{"line":7,"column":26},"end":{"line":7,"column":54}},"5":{"start":{"line":8,"column":12},"end":{"line":8,"column":39}},"6":{"start":{"line":10,"column":12},"end":{"line":10,"column":23}},"7":{"start":{"line":15,"column":8},"end":{"line":31,"column":9}},"8":{"start":{"line":16,"column":31},"end":{"line":16,"column":41}},"9":{"start":{"line":17,"column":25},"end":{"line":27,"column":14}},"10":{"start":{"line":28,"column":12},"end":{"line":28,"column":38}},"11":{"start":{"line":30,"column":12},"end":{"line":30,"column":23}},"12":{"start":{"line":35,"column":8},"end":{"line":45,"column":9}},"13":{"start":{"line":36,"column":58},"end":{"line":36,"column":67}},"14":{"start":{"line":37,"column":26},"end":{"line":37,"column":28}},"15":{"start":{"line":38,"column":26},"end":{"line":38,"column":97}},"16":{"start":{"line":39,"column":12},"end":{"line":39,"column":35}},"17":{"start":{"line":40,"column":12},"end":{"line":40,"column":32}},"18":{"start":{"line":41,"column":12},"end":{"line":41,"column":45}},"19":{"start":{"line":42,"column":12},"end":{"line":42,"column":39}},"20":{"start":{"line":44,"column":12},"end":{"line":44,"column":23}},"21":{"start":{"line":49,"column":8},"end":{"line":69,"column":9}},"22":{"start":{"line":50,"column":37},"end":{"line":50,"column":45}},"23":{"start":{"line":51,"column":25},"end":{"line":53,"column":14}},"24":{"start":{"line":54,"column":25},"end":{"line":54,"column":336}},"25":{"start":{"line":55,"column":23},"end":{"line":55,"column":78}},"26":{"start":{"line":56,"column":29},"end":{"line":59,"column":14}},"27":{"start":{"line":60,"column":24},"end":{"line":60,"column":50}},"28":{"start":{"line":61,"column":26},"end":{"line":61,"column":90}},"29":{"start":{"line":61,"column":73},"end":{"line":61,"column":89}},"30":{"start":{"line":62,"column":24},"end":{"line":64,"column":15}},"31":{"start":{"line":63,"column":16},"end":{"line":63,"column":41}},"32":{"start":{"line":65,"column":26},"end":{"line":65,"column":34}},"33":{"start":{"line":66,"column":12},"end":{"line":66,"column":52}},"34":{"start":{"line":68,"column":12},"end":{"line":68,"column":23}}},"fnMap":{"0":{"name":"(anonymous_0)","decl":{"start":{"line":5,"column":4},"end":{"line":5,"column":5}},"loc":{"start":{"line":5,"column":42},"end":{"line":12,"column":5}},"line":5},"1":{"name":"(anonymous_1)","decl":{"start":{"line":14,"column":4},"end":{"line":14,"column":5}},"loc":{"start":{"line":14,"column":50},"end":{"line":32,"column":5}},"line":14},"2":{"name":"(anonymous_2)","decl":{"start":{"line":34,"column":4},"end":{"line":34,"column":5}},"loc":{"start":{"line":34,"column":48},"end":{"line":46,"column":5}},"line":34},"3":{"name":"(anonymous_3)","decl":{"start":{"line":48,"column":4},"end":{"line":48,"column":5}},"loc":{"start":{"line":48,"column":53},"end":{"line":70,"column":5}},"line":48},"4":{"name":"(anonymous_4)","decl":{"start":{"line":61,"column":67},"end":{"line":61,"column":68}},"loc":{"start":{"line":61,"column":73},"end":{"line":61,"column":89}},"line":61},"5":{"name":"(anonymous_5)","decl":{"start":{"line":62,"column":54},"end":{"line":62,"column":55}},"loc":{"start":{"line":62,"column":68},"end":{"line":64,"column":13}},"line":62}},"branchMap":{"0":{"loc":{"start":{"line":39,"column":25},"end":{"line":39,"column":34}},"type":"binary-expr","locations":[{"start":{"line":39,"column":25},"end":{"line":39,"column":29}},{"start":{"line":39,"column":33},"end":{"line":39,"column":34}}],"line":39}},"s":{"0":1,"1":1,"2":1,"3":1,"4":1,"5":1,"6":0,"7":3,"8":3,"9":3,"10":1,"11":2,"12":0,"13":0,"14":0,"15":0,"16":0,"17":0,"18":0,"19":0,"20":0,"21":0,"22":0,"23":0,"24":0,"25":0,"26":0,"27":0,"28":0,"29":0,"30":0,"31":0,"32":0,"33":0,"34":0},"f":{"0":1,"1":3,"2":0,"3":0,"4":0,"5":0},"b":{"0":[0,0]},"_coverageSchema":"1a1c01bbd47fc00a2c39e90264f33305004495a9","hash":"6c0b5560d0e2b6ce6c8471337c84d3c8472c7f49"}
,"D:\\Hacktiv\\phase 2\\IP-HCK81\\server\\controllers\\userController.js": {"path":"D:\\Hacktiv\\phase 2\\IP-HCK81\\server\\controllers\\userController.js","statementMap":{"0":{"start":{"line":1,"column":17},"end":{"line":1,"column":37}},"1":{"start":{"line":2,"column":24},"end":{"line":2,"column":52}},"2":{"start":{"line":3,"column":22},"end":{"line":3,"column":47}},"3":{"start":{"line":4,"column":25},"end":{"line":4,"column":55}},"4":{"start":{"line":6,"column":0},"end":{"line":116,"column":1}},"5":{"start":{"line":8,"column":8},"end":{"line":14,"column":9}},"6":{"start":{"line":9,"column":50},"end":{"line":9,"column":58}},"7":{"start":{"line":10,"column":25},"end":{"line":10,"column":73}},"8":{"start":{"line":11,"column":12},"end":{"line":11,"column":85}},"9":{"start":{"line":13,"column":12},"end":{"line":13,"column":24}},"10":{"start":{"line":18,"column":8},"end":{"line":39,"column":9}},"11":{"start":{"line":19,"column":43},"end":{"line":19,"column":51}},"12":{"start":{"line":20,"column":12},"end":{"line":25,"column":13}},"13":{"start":{"line":21,"column":16},"end":{"line":24,"column":17}},"14":{"start":{"line":26,"column":23},"end":{"line":28,"column":14}},"15":{"start":{"line":29,"column":12},"end":{"line":34,"column":13}},"16":{"start":{"line":30,"column":16},"end":{"line":33,"column":17}},"17":{"start":{"line":35,"column":24},"end":{"line":35,"column":50}},"18":{"start":{"line":36,"column":12},"end":{"line":36,"column":44}},"19":{"start":{"line":38,"column":12},"end":{"line":38,"column":24}},"20":{"start":{"line":43,"column":8},"end":{"line":68,"column":9}},"21":{"start":{"line":44,"column":36},"end":{"line":44,"column":44}},"22":{"start":{"line":46,"column":27},"end":{"line":46,"column":45}},"23":{"start":{"line":48,"column":27},"end":{"line":51,"column":14}},"24":{"start":{"line":52,"column":28},"end":{"line":52,"column":47}},"25":{"start":{"line":54,"column":27},"end":{"line":63,"column":14}},"26":{"start":{"line":64,"column":24},"end":{"line":64,"column":50}},"27":{"start":{"line":65,"column":12},"end":{"line":65,"column":44}},"28":{"start":{"line":67,"column":12},"end":{"line":67,"column":24}},"29":{"start":{"line":72,"column":8},"end":{"line":83,"column":9}},"30":{"start":{"line":73,"column":27},"end":{"line":73,"column":38}},"31":{"start":{"line":74,"column":12},"end":{"line":74,"column":34}},"32":{"start":{"line":76,"column":23},"end":{"line":79,"column":14}},"33":{"start":{"line":80,"column":12},"end":{"line":80,"column":39}},"34":{"start":{"line":82,"column":12},"end":{"line":82,"column":24}},"35":{"start":{"line":87,"column":29},"end":{"line":87,"column":37}},"36":{"start":{"line":88,"column":8},"end":{"line":88,"column":47}},"37":{"start":{"line":92,"column":8},"end":{"line":102,"column":9}},"38":{"start":{"line":93,"column":56},"end":{"line":93,"column":64}},"39":{"start":{"line":94,"column":27},"end":{"line":94,"column":38}},"40":{"start":{"line":95,"column":12},"end":{"line":98,"column":13}},"41":{"start":{"line":99,"column":12},"end":{"line":99,"column":83}},"42":{"start":{"line":101,"column":12},"end":{"line":101,"column":24}},"43":{"start":{"line":106,"column":8},"end":{"line":114,"column":9}},"44":{"start":{"line":107,"column":27},"end":{"line":107,"column":38}},"45":{"start":{"line":108,"column":12},"end":{"line":110,"column":14}},"46":{"start":{"line":111,"column":12},"end":{"line":111,"column":75}},"47":{"start":{"line":113,"column":12},"end":{"line":113,"column":24}}},"fnMap":{"0":{"name":"(anonymous_0)","decl":{"start":{"line":7,"column":4},"end":{"line":7,"column":5}},"loc":{"start":{"line":7,"column":42},"end":{"line":15,"column":5}},"line":7},"1":{"name":"(anonymous_1)","decl":{"start":{"line":17,"column":4},"end":{"line":17,"column":5}},"loc":{"start":{"line":17,"column":39},"end":{"line":40,"column":5}},"line":17},"2":{"name":"(anonymous_2)","decl":{"start":{"line":42,"column":4},"end":{"line":42,"column":5}},"loc":{"start":{"line":42,"column":45},"end":{"line":69,"column":5}},"line":42},"3":{"name":"(anonymous_3)","decl":{"start":{"line":71,"column":4},"end":{"line":71,"column":5}},"loc":{"start":{"line":71,"column":47},"end":{"line":84,"column":5}},"line":71},"4":{"name":"(anonymous_4)","decl":{"start":{"line":86,"column":4},"end":{"line":86,"column":5}},"loc":{"start":{"line":86,"column":35},"end":{"line":89,"column":5}},"line":86},"5":{"name":"(anonymous_5)","decl":{"start":{"line":91,"column":4},"end":{"line":91,"column":5}},"loc":{"start":{"line":91,"column":45},"end":{"line":103,"column":5}},"line":91},"6":{"name":"(anonymous_6)","decl":{"start":{"line":105,"column":4},"end":{"line":105,"column":5}},"loc":{"start":{"line":105,"column":46},"end":{"line":115,"column":5}},"line":105}},"branchMap":{"0":{"loc":{"start":{"line":20,"column":12},"end":{"line":25,"column":13}},"type":"if","locations":[{"start":{"line":20,"column":12},"end":{"line":25,"column":13}},{"start":{},"end":{}}],"line":20},"1":{"loc":{"start":{"line":20,"column":16},"end":{"line":20,"column":38}},"type":"binary-expr","locations":[{"start":{"line":20,"column":16},"end":{"line":20,"column":25}},{"start":{"line":20,"column":29},"end":{"line":20,"column":38}}],"line":20},"2":{"loc":{"start":{"line":29,"column":12},"end":{"line":34,"column":13}},"type":"if","locations":[{"start":{"line":29,"column":12},"end":{"line":34,"column":13}},{"start":{},"end":{}}],"line":29},"3":{"loc":{"start":{"line":29,"column":16},"end":{"line":29,"column":62}},"type":"binary-expr","locations":[{"start":{"line":29,"column":16},"end":{"line":29,"column":21}},{"start":{"line":29,"column":25},"end":{"line":29,"column":62}}],"line":29}},"s":{"0":1,"1":1,"2":1,"3":1,"4":1,"5":3,"6":3,"7":3,"8":2,"9":1,"10":5,"11":5,"12":5,"13":1,"14":4,"15":3,"16":1,"17":2,"18":2,"19":3,"20":0,"21":0,"22":0,"23":0,"24":0,"25":0,"26":0,"27":0,"28":0,"29":0,"30":0,"31":0,"32":0,"33":0,"34":0,"35":0,"36":0,"37":0,"38":0,"39":0,"40":0,"41":0,"42":0,"43":0,"44":0,"45":0,"46":0,"47":0},"f":{"0":3,"1":5,"2":0,"3":0,"4":0,"5":0,"6":0},"b":{"0":[1,4],"1":[5,4],"2":[1,2],"3":[3,2]},"_coverageSchema":"1a1c01bbd47fc00a2c39e90264f33305004495a9","hash":"940ceae6e6801aac298b0cfab90aef5d90dd8622"}
,"D:\\Hacktiv\\phase 2\\IP-HCK81\\server\\controllers\\wishlistController.js": {"path":"D:\\Hacktiv\\phase 2\\IP-HCK81\\server\\controllers\\wishlistController.js","statementMap":{"0":{"start":{"line":1,"column":27},"end":{"line":1,"column":47}},"1":{"start":{"line":3,"column":0},"end":{"line":172,"column":1}},"2":{"start":{"line":5,"column":8},"end":{"line":25,"column":9}},"3":{"start":{"line":6,"column":27},"end":{"line":6,"column":38}},"4":{"start":{"line":7,"column":31},"end":{"line":15,"column":14}},"5":{"start":{"line":16,"column":12},"end":{"line":21,"column":13}},"6":{"start":{"line":17,"column":16},"end":{"line":20,"column":17}},"7":{"start":{"line":22,"column":12},"end":{"line":22,"column":47}},"8":{"start":{"line":24,"column":12},"end":{"line":24,"column":24}},"9":{"start":{"line":29,"column":8},"end":{"line":56,"column":9}},"10":{"start":{"line":30,"column":27},"end":{"line":30,"column":38}},"11":{"start":{"line":31,"column":31},"end":{"line":31,"column":41}},"12":{"start":{"line":32,"column":27},"end":{"line":32,"column":72}},"13":{"start":{"line":33,"column":12},"end":{"line":38,"column":13}},"14":{"start":{"line":34,"column":16},"end":{"line":37,"column":17}},"15":{"start":{"line":39,"column":30},"end":{"line":39,"column":83}},"16":{"start":{"line":40,"column":12},"end":{"line":51,"column":13}},"17":{"start":{"line":41,"column":16},"end":{"line":46,"column":17}},"18":{"start":{"line":42,"column":20},"end":{"line":45,"column":21}},"19":{"start":{"line":47,"column":16},"end":{"line":50,"column":17}},"20":{"start":{"line":52,"column":12},"end":{"line":52,"column":53}},"21":{"start":{"line":53,"column":12},"end":{"line":53,"column":67}},"22":{"start":{"line":55,"column":12},"end":{"line":55,"column":24}},"23":{"start":{"line":60,"column":8},"end":{"line":81,"column":9}},"24":{"start":{"line":61,"column":27},"end":{"line":61,"column":38}},"25":{"start":{"line":62,"column":31},"end":{"line":62,"column":41}},"26":{"start":{"line":63,"column":27},"end":{"line":63,"column":72}},"27":{"start":{"line":64,"column":12},"end":{"line":69,"column":13}},"28":{"start":{"line":65,"column":16},"end":{"line":68,"column":17}},"29":{"start":{"line":70,"column":30},"end":{"line":70,"column":83}},"30":{"start":{"line":71,"column":12},"end":{"line":76,"column":13}},"31":{"start":{"line":72,"column":16},"end":{"line":75,"column":17}},"32":{"start":{"line":77,"column":12},"end":{"line":77,"column":65}},"33":{"start":{"line":78,"column":12},"end":{"line":78,"column":67}},"34":{"start":{"line":80,"column":12},"end":{"line":80,"column":24}},"35":{"start":{"line":85,"column":8},"end":{"line":106,"column":9}},"36":{"start":{"line":86,"column":27},"end":{"line":86,"column":38}},"37":{"start":{"line":87,"column":31},"end":{"line":87,"column":41}},"38":{"start":{"line":88,"column":27},"end":{"line":88,"column":72}},"39":{"start":{"line":89,"column":12},"end":{"line":94,"column":13}},"40":{"start":{"line":90,"column":16},"end":{"line":93,"column":17}},"41":{"start":{"line":95,"column":30},"end":{"line":95,"column":83}},"42":{"start":{"line":96,"column":12},"end":{"line":101,"column":13}},"43":{"start":{"line":97,"column":16},"end":{"line":100,"column":17}},"44":{"start":{"line":102,"column":12},"end":{"line":102,"column":86}},"45":{"start":{"line":103,"column":12},"end":{"line":103,"column":69}},"46":{"start":{"line":105,"column":12},"end":{"line":105,"column":24}},"47":{"start":{"line":110,"column":8},"end":{"line":123,"column":9}},"48":{"start":{"line":111,"column":27},"end":{"line":111,"column":38}},"49":{"start":{"line":112,"column":31},"end":{"line":112,"column":41}},"50":{"start":{"line":113,"column":30},"end":{"line":113,"column":83}},"51":{"start":{"line":114,"column":12},"end":{"line":119,"column":13}},"52":{"start":{"line":115,"column":16},"end":{"line":118,"column":17}},"53":{"start":{"line":120,"column":12},"end":{"line":120,"column":46}},"54":{"start":{"line":122,"column":12},"end":{"line":122,"column":24}},"55":{"start":{"line":127,"column":8},"end":{"line":142,"column":9}},"56":{"start":{"line":128,"column":27},"end":{"line":128,"column":38}},"57":{"start":{"line":129,"column":40},"end":{"line":129,"column":48}},"58":{"start":{"line":130,"column":31},"end":{"line":130,"column":41}},"59":{"start":{"line":131,"column":30},"end":{"line":131,"column":83}},"60":{"start":{"line":132,"column":12},"end":{"line":137,"column":13}},"61":{"start":{"line":133,"column":16},"end":{"line":136,"column":17}},"62":{"start":{"line":138,"column":12},"end":{"line":138,"column":102}},"63":{"start":{"line":139,"column":12},"end":{"line":139,"column":64}},"64":{"start":{"line":141,"column":12},"end":{"line":141,"column":24}},"65":{"start":{"line":146,"column":8},"end":{"line":160,"column":9}},"66":{"start":{"line":147,"column":27},"end":{"line":147,"column":38}},"67":{"start":{"line":148,"column":31},"end":{"line":148,"column":41}},"68":{"start":{"line":149,"column":30},"end":{"line":149,"column":83}},"69":{"start":{"line":150,"column":12},"end":{"line":155,"column":13}},"70":{"start":{"line":151,"column":16},"end":{"line":154,"column":17}},"71":{"start":{"line":156,"column":12},"end":{"line":156,"column":94}},"72":{"start":{"line":157,"column":12},"end":{"line":157,"column":65}},"73":{"start":{"line":159,"column":12},"end":{"line":159,"column":24}},"74":{"start":{"line":164,"column":8},"end":{"line":170,"column":9}},"75":{"start":{"line":165,"column":27},"end":{"line":165,"column":38}},"76":{"start":{"line":166,"column":26},"end":{"line":166,"column":71}},"77":{"start":{"line":167,"column":12},"end":{"line":167,"column":42}},"78":{"start":{"line":169,"column":12},"end":{"line":169,"column":24}}},"fnMap":{"0":{"name":"(anonymous_0)","decl":{"start":{"line":4,"column":4},"end":{"line":4,"column":5}},"loc":{"start":{"line":4,"column":45},"end":{"line":26,"column":5}},"line":4},"1":{"name":"(anonymous_1)","decl":{"start":{"line":28,"column":4},"end":{"line":28,"column":5}},"loc":{"start":{"line":28,"column":48},"end":{"line":57,"column":5}},"line":28},"2":{"name":"(anonymous_2)","decl":{"start":{"line":59,"column":4},"end":{"line":59,"column":5}},"loc":{"start":{"line":59,"column":48},"end":{"line":82,"column":5}},"line":59},"3":{"name":"(anonymous_3)","decl":{"start":{"line":84,"column":4},"end":{"line":84,"column":5}},"loc":{"start":{"line":84,"column":48},"end":{"line":107,"column":5}},"line":84},"4":{"name":"(anonymous_4)","decl":{"start":{"line":109,"column":4},"end":{"line":109,"column":5}},"loc":{"start":{"line":109,"column":44},"end":{"line":124,"column":5}},"line":109},"5":{"name":"(anonymous_5)","decl":{"start":{"line":126,"column":4},"end":{"line":126,"column":5}},"loc":{"start":{"line":126,"column":44},"end":{"line":143,"column":5}},"line":126},"6":{"name":"(anonymous_6)","decl":{"start":{"line":145,"column":4},"end":{"line":145,"column":5}},"loc":{"start":{"line":145,"column":46},"end":{"line":161,"column":5}},"line":145},"7":{"name":"(anonymous_7)","decl":{"start":{"line":163,"column":4},"end":{"line":163,"column":5}},"loc":{"start":{"line":163,"column":51},"end":{"line":171,"column":5}},"line":163}},"branchMap":{"0":{"loc":{"start":{"line":16,"column":12},"end":{"line":21,"column":13}},"type":"if","locations":[{"start":{"line":16,"column":12},"end":{"line":21,"column":13}},{"start":{},"end":{}}],"line":16},"1":{"loc":{"start":{"line":33,"column":12},"end":{"line":38,"column":13}},"type":"if","locations":[{"start":{"line":33,"column":12},"end":{"line":38,"column":13}},{"start":{},"end":{}}],"line":33},"2":{"loc":{"start":{"line":40,"column":12},"end":{"line":51,"column":13}},"type":"if","locations":[{"start":{"line":40,"column":12},"end":{"line":51,"column":13}},{"start":{},"end":{}}],"line":40},"3":{"loc":{"start":{"line":41,"column":16},"end":{"line":46,"column":17}},"type":"if","locations":[{"start":{"line":41,"column":16},"end":{"line":46,"column":17}},{"start":{},"end":{}}],"line":41},"4":{"loc":{"start":{"line":64,"column":12},"end":{"line":69,"column":13}},"type":"if","locations":[{"start":{"line":64,"column":12},"end":{"line":69,"column":13}},{"start":{},"end":{}}],"line":64},"5":{"loc":{"start":{"line":71,"column":12},"end":{"line":76,"column":13}},"type":"if","locations":[{"start":{"line":71,"column":12},"end":{"line":76,"column":13}},{"start":{},"end":{}}],"line":71},"6":{"loc":{"start":{"line":89,"column":12},"end":{"line":94,"column":13}},"type":"if","locations":[{"start":{"line":89,"column":12},"end":{"line":94,"column":13}},{"start":{},"end":{}}],"line":89},"7":{"loc":{"start":{"line":96,"column":12},"end":{"line":101,"column":13}},"type":"if","locations":[{"start":{"line":96,"column":12},"end":{"line":101,"column":13}},{"start":{},"end":{}}],"line":96},"8":{"loc":{"start":{"line":114,"column":12},"end":{"line":119,"column":13}},"type":"if","locations":[{"start":{"line":114,"column":12},"end":{"line":119,"column":13}},{"start":{},"end":{}}],"line":114},"9":{"loc":{"start":{"line":132,"column":12},"end":{"line":137,"column":13}},"type":"if","locations":[{"start":{"line":132,"column":12},"end":{"line":137,"column":13}},{"start":{},"end":{}}],"line":132},"10":{"loc":{"start":{"line":150,"column":12},"end":{"line":155,"column":13}},"type":"if","locations":[{"start":{"line":150,"column":12},"end":{"line":155,"column":13}},{"start":{},"end":{}}],"line":150}},"s":{"0":1,"1":1,"2":0,"3":0,"4":0,"5":0,"6":0,"7":0,"8":0,"9":0,"10":0,"11":0,"12":0,"13":0,"14":0,"15":0,"16":0,"17":0,"18":0,"19":0,"20":0,"21":0,"22":0,"23":0,"24":0,"25":0,"26":0,"27":0,"28":0,"29":0,"30":0,"31":0,"32":0,"33":0,"34":0,"35":0,"36":0,"37":0,"38":0,"39":0,"40":0,"41":0,"42":0,"43":0,"44":0,"45":0,"46":0,"47":0,"48":0,"49":0,"50":0,"51":0,"52":0,"53":0,"54":0,"55":0,"56":0,"57":0,"58":0,"59":0,"60":0,"61":0,"62":0,"63":0,"64":0,"65":0,"66":0,"67":0,"68":0,"69":0,"70":0,"71":0,"72":0,"73":0,"74":0,"75":0,"76":0,"77":0,"78":0},"f":{"0":0,"1":0,"2":0,"3":0,"4":0,"5":0,"6":0,"7":0},"b":{"0":[0,0],"1":[0,0],"2":[0,0],"3":[0,0],"4":[0,0],"5":[0,0],"6":[0,0],"7":[0,0],"8":[0,0],"9":[0,0],"10":[0,0]},"_coverageSchema":"1a1c01bbd47fc00a2c39e90264f33305004495a9","hash":"75fd48e36d66f5cb0ab22e5a2aa5130fb142d552"}
,"D:\\Hacktiv\\phase 2\\IP-HCK81\\server\\middlewares\\authentication.js": {"path":"D:\\Hacktiv\\phase 2\\IP-HCK81\\server\\middlewares\\authentication.js","statementMap":{"0":{"start":{"line":1,"column":24},"end":{"line":1,"column":49}},"1":{"start":{"line":2,"column":17},"end":{"line":2,"column":37}},"2":{"start":{"line":4,"column":0},"end":{"line":40,"column":1}},"3":{"start":{"line":5,"column":4},"end":{"line":39,"column":5}},"4":{"start":{"line":6,"column":28},"end":{"line":6,"column":53}},"5":{"start":{"line":7,"column":8},"end":{"line":7,"column":33}},"6":{"start":{"line":9,"column":8},"end":{"line":14,"column":9}},"7":{"start":{"line":10,"column":12},"end":{"line":13,"column":13}},"8":{"start":{"line":15,"column":22},"end":{"line":15,"column":47}},"9":{"start":{"line":16,"column":8},"end":{"line":21,"column":9}},"10":{"start":{"line":17,"column":12},"end":{"line":20,"column":13}},"11":{"start":{"line":23,"column":28},"end":{"line":23,"column":46}},"12":{"start":{"line":24,"column":19},"end":{"line":24,"column":54}},"13":{"start":{"line":25,"column":8},"end":{"line":30,"column":9}},"14":{"start":{"line":26,"column":12},"end":{"line":29,"column":13}},"15":{"start":{"line":31,"column":8},"end":{"line":34,"column":9}},"16":{"start":{"line":35,"column":8},"end":{"line":35,"column":24}},"17":{"start":{"line":36,"column":8},"end":{"line":36,"column":15}},"18":{"start":{"line":38,"column":8},"end":{"line":38,"column":20}}},"fnMap":{"0":{"name":"authentication","decl":{"start":{"line":4,"column":32},"end":{"line":4,"column":46}},"loc":{"start":{"line":4,"column":63},"end":{"line":40,"column":1}},"line":4}},"branchMap":{"0":{"loc":{"start":{"line":9,"column":8},"end":{"line":14,"column":9}},"type":"if","locations":[{"start":{"line":9,"column":8},"end":{"line":14,"column":9}},{"start":{},"end":{}}],"line":9},"1":{"loc":{"start":{"line":16,"column":8},"end":{"line":21,"column":9}},"type":"if","locations":[{"start":{"line":16,"column":8},"end":{"line":21,"column":9}},{"start":{},"end":{}}],"line":16},"2":{"loc":{"start":{"line":25,"column":8},"end":{"line":30,"column":9}},"type":"if","locations":[{"start":{"line":25,"column":8},"end":{"line":30,"column":9}},{"start":{},"end":{}}],"line":25}},"s":{"0":1,"1":1,"2":1,"3":32,"4":32,"5":32,"6":32,"7":10,"8":22,"9":22,"10":0,"11":22,"12":0,"13":0,"14":0,"15":0,"16":0,"17":0,"18":32},"f":{"0":32},"b":{"0":[10,22],"1":[0,22],"2":[0,0]},"_coverageSchema":"1a1c01bbd47fc00a2c39e90264f33305004495a9","hash":"05e42b0a97cbee267bd96b4db522ca139cccd94c"}
,"D:\\Hacktiv\\phase 2\\IP-HCK81\\server\\middlewares\\errorHandler.js": {"path":"D:\\Hacktiv\\phase 2\\IP-HCK81\\server\\middlewares\\errorHandler.js","statementMap":{"0":{"start":{"line":2,"column":4},"end":{"line":2,"column":40}},"1":{"start":{"line":3,"column":4},"end":{"line":26,"column":5}},"2":{"start":{"line":6,"column":12},"end":{"line":6,"column":70}},"3":{"start":{"line":7,"column":12},"end":{"line":7,"column":19}},"4":{"start":{"line":9,"column":12},"end":{"line":9,"column":60}},"5":{"start":{"line":10,"column":12},"end":{"line":10,"column":19}},"6":{"start":{"line":12,"column":12},"end":{"line":12,"column":60}},"7":{"start":{"line":13,"column":12},"end":{"line":13,"column":19}},"8":{"start":{"line":15,"column":12},"end":{"line":15,"column":64}},"9":{"start":{"line":16,"column":12},"end":{"line":16,"column":19}},"10":{"start":{"line":18,"column":12},"end":{"line":18,"column":60}},"11":{"start":{"line":19,"column":12},"end":{"line":19,"column":19}},"12":{"start":{"line":21,"column":12},"end":{"line":21,"column":60}},"13":{"start":{"line":22,"column":12},"end":{"line":22,"column":19}},"14":{"start":{"line":24,"column":12},"end":{"line":24,"column":72}},"15":{"start":{"line":25,"column":12},"end":{"line":25,"column":19}},"16":{"start":{"line":29,"column":0},"end":{"line":29,"column":31}}},"fnMap":{"0":{"name":"errorHandler","decl":{"start":{"line":1,"column":9},"end":{"line":1,"column":21}},"loc":{"start":{"line":1,"column":43},"end":{"line":27,"column":1}},"line":1}},"branchMap":{"0":{"loc":{"start":{"line":3,"column":4},"end":{"line":26,"column":5}},"type":"switch","locations":[{"start":{"line":4,"column":8},"end":{"line":4,"column":46}},{"start":{"line":5,"column":8},"end":{"line":7,"column":19}},{"start":{"line":8,"column":8},"end":{"line":10,"column":19}},{"start":{"line":11,"column":8},"end":{"line":13,"column":19}},{"start":{"line":14,"column":8},"end":{"line":16,"column":19}},{"start":{"line":17,"column":8},"end":{"line":19,"column":19}},{"start":{"line":20,"column":8},"end":{"line":22,"column":19}},{"start":{"line":23,"column":8},"end":{"line":25,"column":19}}],"line":3}},"s":{"0":38,"1":38,"2":0,"3":0,"4":1,"5":1,"6":11,"7":11,"8":0,"9":0,"10":0,"11":0,"12":0,"13":0,"14":26,"15":26,"16":1},"f":{"0":38},"b":{"0":[0,0,1,11,0,0,0,26]},"_coverageSchema":"1a1c01bbd47fc00a2c39e90264f33305004495a9","hash":"596cc45774974f643417d3ed0cd4d727b519453d"}
,"D:\\Hacktiv\\phase 2\\IP-HCK81\\server\\models\\game.js": {"path":"D:\\Hacktiv\\phase 2\\IP-HCK81\\server\\models\\game.js","statementMap":{"0":{"start":{"line":5,"column":4},"end":{"line":5,"column":24}},"1":{"start":{"line":6,"column":0},"end":{"line":62,"column":2}},"2":{"start":{"line":14,"column":6},"end":{"line":14,"column":61}},"3":{"start":{"line":20,"column":19},"end":{"line":22,"column":7}},"4":{"start":{"line":23,"column":6},"end":{"line":27,"column":7}},"5":{"start":{"line":24,"column":8},"end":{"line":26,"column":9}},"6":{"start":{"line":28,"column":6},"end":{"line":30,"column":7}},"7":{"start":{"line":29,"column":8},"end":{"line":29,"column":38}},"8":{"start":{"line":31,"column":6},"end":{"line":33,"column":7}},"9":{"start":{"line":32,"column":8},"end":{"line":32,"column":36}},"10":{"start":{"line":34,"column":6},"end":{"line":34,"column":26}},"11":{"start":{"line":35,"column":6},"end":{"line":35,"column":52}},"12":{"start":{"line":36,"column":6},"end":{"line":36,"column":41}},"13":{"start":{"line":39,"column":2},"end":{"line":60,"column":5}},"14":{"start":{"line":61,"column":2},"end":{"line":61,"column":14}}},"fnMap":{"0":{"name":"(anonymous_0)","decl":{"start":{"line":6,"column":17},"end":{"line":6,"column":18}},"loc":{"start":{"line":6,"column":43},"end":{"line":62,"column":1}},"line":6},"1":{"name":"(anonymous_1)","decl":{"start":{"line":13,"column":4},"end":{"line":13,"column":5}},"loc":{"start":{"line":13,"column":29},"end":{"line":15,"column":5}},"line":13},"2":{"name":"(anonymous_2)","decl":{"start":{"line":19,"column":4},"end":{"line":19,"column":5}},"loc":{"start":{"line":19,"column":72},"end":{"line":37,"column":5}},"line":19}},"branchMap":{"0":{"loc":{"start":{"line":23,"column":6},"end":{"line":27,"column":7}},"type":"if","locations":[{"start":{"line":23,"column":6},"end":{"line":27,"column":7}},{"start":{},"end":{}}],"line":23},"1":{"loc":{"start":{"line":28,"column":6},"end":{"line":30,"column":7}},"type":"if","locations":[{"start":{"line":28,"column":6},"end":{"line":30,"column":7}},{"start":{},"end":{}}],"line":28},"2":{"loc":{"start":{"line":31,"column":6},"end":{"line":33,"column":7}},"type":"if","locations":[{"start":{"line":31,"column":6},"end":{"line":33,"column":7}},{"start":{},"end":{}}],"line":31},"3":{"loc":{"start":{"line":35,"column":22},"end":{"line":35,"column":52}},"type":"cond-expr","locations":[{"start":{"line":35,"column":30},"end":{"line":35,"column":31}},{"start":{"line":35,"column":34},"end":{"line":35,"column":52}}],"line":35}},"s":{"0":1,"1":1,"2":1,"3":0,"4":0,"5":0,"6":0,"7":0,"8":0,"9":0,"10":0,"11":0,"12":0,"13":1,"14":1},"f":{"0":1,"1":1,"2":0},"b":{"0":[0,0],"1":[0,0],"2":[0,0],"3":[0,0]},"_coverageSchema":"1a1c01bbd47fc00a2c39e90264f33305004495a9","hash":"f48c0db0cbfea8d2e074b43620ec3f2353e102c7"}
,"D:\\Hacktiv\\phase 2\\IP-HCK81\\server\\models\\index.js": {"path":"D:\\Hacktiv\\phase 2\\IP-HCK81\\server\\models\\index.js","statementMap":{"0":{"start":{"line":3,"column":11},"end":{"line":3,"column":24}},"1":{"start":{"line":4,"column":13},"end":{"line":4,"column":28}},"2":{"start":{"line":5,"column":18},"end":{"line":5,"column":38}},"3":{"start":{"line":6,"column":16},"end":{"line":6,"column":34}},"4":{"start":{"line":7,"column":17},"end":{"line":7,"column":42}},"5":{"start":{"line":8,"column":12},"end":{"line":8,"column":49}},"6":{"start":{"line":9,"column":15},"end":{"line":9,"column":65}},"7":{"start":{"line":10,"column":11},"end":{"line":10,"column":13}},"8":{"start":{"line":13,"column":0},"end":{"line":17,"column":1}},"9":{"start":{"line":14,"column":2},"end":{"line":14,"column":74}},"10":{"start":{"line":16,"column":2},"end":{"line":16,"column":87}},"11":{"start":{"line":19,"column":0},"end":{"line":32,"column":5}},"12":{"start":{"line":22,"column":4},"end":{"line":27,"column":6}},"13":{"start":{"line":30,"column":18},"end":{"line":30,"column":85}},"14":{"start":{"line":31,"column":4},"end":{"line":31,"column":27}},"15":{"start":{"line":34,"column":0},"end":{"line":38,"column":3}},"16":{"start":{"line":35,"column":2},"end":{"line":37,"column":3}},"17":{"start":{"line":36,"column":4},"end":{"line":36,"column":32}},"18":{"start":{"line":40,"column":0},"end":{"line":40,"column":25}},"19":{"start":{"line":41,"column":0},"end":{"line":41,"column":25}},"20":{"start":{"line":43,"column":0},"end":{"line":43,"column":20}}},"fnMap":{"0":{"name":"(anonymous_0)","decl":{"start":{"line":21,"column":10},"end":{"line":21,"column":11}},"loc":{"start":{"line":21,"column":18},"end":{"line":28,"column":3}},"line":21},"1":{"name":"(anonymous_1)","decl":{"start":{"line":29,"column":11},"end":{"line":29,"column":12}},"loc":{"start":{"line":29,"column":19},"end":{"line":32,"column":3}},"line":29},"2":{"name":"(anonymous_2)","decl":{"start":{"line":34,"column":24},"end":{"line":34,"column":25}},"loc":{"start":{"line":34,"column":37},"end":{"line":38,"column":1}},"line":34}},"branchMap":{"0":{"loc":{"start":{"line":8,"column":12},"end":{"line":8,"column":49}},"type":"binary-expr","locations":[{"start":{"line":8,"column":12},"end":{"line":8,"column":32}},{"start":{"line":8,"column":36},"end":{"line":8,"column":49}}],"line":8},"1":{"loc":{"start":{"line":13,"column":0},"end":{"line":17,"column":1}},"type":"if","locations":[{"start":{"line":13,"column":0},"end":{"line":17,"column":1}},{"start":{"line":15,"column":7},"end":{"line":17,"column":1}}],"line":13},"2":{"loc":{"start":{"line":23,"column":6},"end":{"line":26,"column":37}},"type":"binary-expr","locations":[{"start":{"line":23,"column":6},"end":{"line":23,"column":29}},{"start":{"line":24,"column":6},"end":{"line":24,"column":23}},{"start":{"line":25,"column":6},"end":{"line":25,"column":30}},{"start":{"line":26,"column":6},"end":{"line":26,"column":37}}],"line":23},"3":{"loc":{"start":{"line":35,"column":2},"end":{"line":37,"column":3}},"type":"if","locations":[{"start":{"line":35,"column":2},"end":{"line":37,"column":3}},{"start":{},"end":{}}],"line":35}},"s":{"0":1,"1":1,"2":1,"3":1,"4":1,"5":1,"6":1,"7":1,"8":1,"9":0,"10":1,"11":1,"12":4,"13":3,"14":3,"15":1,"16":3,"17":3,"18":1,"19":1,"20":1},"f":{"0":4,"1":3,"2":3},"b":{"0":[1,0],"1":[0,1],"2":[4,4,3,3],"3":[3,0]},"_coverageSchema":"1a1c01bbd47fc00a2c39e90264f33305004495a9","hash":"f76e77215ba68fad405ef40a814e2b50ab6b8c50"}
,"D:\\Hacktiv\\phase 2\\IP-HCK81\\server\\models\\user.js": {"path":"D:\\Hacktiv\\phase 2\\IP-HCK81\\server\\models\\user.js","statementMap":{"0":{"start":{"line":4,"column":4},"end":{"line":4,"column":24}},"1":{"start":{"line":5,"column":24},"end":{"line":5,"column":52}},"2":{"start":{"line":6,"column":0},"end":{"line":74,"column":2}},"3":{"start":{"line":14,"column":6},"end":{"line":14,"column":61}},"4":{"start":{"line":17,"column":2},"end":{"line":69,"column":5}},"5":{"start":{"line":70,"column":2},"end":{"line":72,"column":4}},"6":{"start":{"line":71,"column":4},"end":{"line":71,"column":47}},"7":{"start":{"line":73,"column":2},"end":{"line":73,"column":14}}},"fnMap":{"0":{"name":"(anonymous_0)","decl":{"start":{"line":6,"column":17},"end":{"line":6,"column":18}},"loc":{"start":{"line":6,"column":43},"end":{"line":74,"column":1}},"line":6},"1":{"name":"(anonymous_1)","decl":{"start":{"line":13,"column":4},"end":{"line":13,"column":5}},"loc":{"start":{"line":13,"column":29},"end":{"line":15,"column":5}},"line":13},"2":{"name":"(anonymous_2)","decl":{"start":{"line":70,"column":20},"end":{"line":70,"column":21}},"loc":{"start":{"line":70,"column":30},"end":{"line":72,"column":3}},"line":70}},"branchMap":{},"s":{"0":1,"1":1,"2":1,"3":1,"4":1,"5":1,"6":0,"7":1},"f":{"0":1,"1":1,"2":0},"b":{},"_coverageSchema":"1a1c01bbd47fc00a2c39e90264f33305004495a9","hash":"8de42dff05a7227042f06e4ebc99b48e8e5f2875"}
,"D:\\Hacktiv\\phase 2\\IP-HCK81\\server\\models\\wishlist.js": {"path":"D:\\Hacktiv\\phase 2\\IP-HCK81\\server\\models\\wishlist.js","statementMap":{"0":{"start":{"line":4,"column":4},"end":{"line":4,"column":24}},"1":{"start":{"line":5,"column":0},"end":{"line":29,"column":2}},"2":{"start":{"line":13,"column":6},"end":{"line":13,"column":63}},"3":{"start":{"line":14,"column":6},"end":{"line":14,"column":63}},"4":{"start":{"line":17,"column":2},"end":{"line":27,"column":5}},"5":{"start":{"line":28,"column":2},"end":{"line":28,"column":18}}},"fnMap":{"0":{"name":"(anonymous_0)","decl":{"start":{"line":5,"column":17},"end":{"line":5,"column":18}},"loc":{"start":{"line":5,"column":43},"end":{"line":29,"column":1}},"line":5},"1":{"name":"(anonymous_1)","decl":{"start":{"line":12,"column":4},"end":{"line":12,"column":5}},"loc":{"start":{"line":12,"column":29},"end":{"line":15,"column":5}},"line":12}},"branchMap":{},"s":{"0":1,"1":1,"2":1,"3":1,"4":1,"5":1},"f":{"0":1,"1":1},"b":{},"_coverageSchema":"1a1c01bbd47fc00a2c39e90264f33305004495a9","hash":"deece76fadcc604ceaaec01b1ff7b9ad3fcd261c"}
,"D:\\Hacktiv\\phase 2\\IP-HCK81\\server\\routes\\index.js": {"path":"D:\\Hacktiv\\phase 2\\IP-HCK81\\server\\routes\\index.js","statementMap":{"0":{"start":{"line":1,"column":16},"end":{"line":1,"column":34}},"1":{"start":{"line":2,"column":76},"end":{"line":2,"column":116}},"2":{"start":{"line":3,"column":92},"end":{"line":3,"column":132}},"3":{"start":{"line":4,"column":23},"end":{"line":4,"column":63}},"4":{"start":{"line":5,"column":115},"end":{"line":5,"column":159}},"5":{"start":{"line":6,"column":15},"end":{"line":6,"column":31}},"6":{"start":{"line":8,"column":0},"end":{"line":8,"column":28}},"7":{"start":{"line":9,"column":0},"end":{"line":9,"column":34}},"8":{"start":{"line":10,"column":0},"end":{"line":10,"column":41}},"9":{"start":{"line":12,"column":0},"end":{"line":12,"column":43}},"10":{"start":{"line":13,"column":0},"end":{"line":13,"column":30}},"11":{"start":{"line":14,"column":0},"end":{"line":14,"column":46}},"12":{"start":{"line":16,"column":0},"end":{"line":16,"column":26}},"13":{"start":{"line":17,"column":0},"end":{"line":17,"column":51}},"14":{"start":{"line":19,"column":0},"end":{"line":19,"column":28}},"15":{"start":{"line":20,"column":0},"end":{"line":20,"column":41}},"16":{"start":{"line":21,"column":0},"end":{"line":21,"column":48}},"17":{"start":{"line":22,"column":0},"end":{"line":22,"column":43}},"18":{"start":{"line":24,"column":0},"end":{"line":24,"column":36}},"19":{"start":{"line":25,"column":0},"end":{"line":25,"column":56}},"20":{"start":{"line":27,"column":0},"end":{"line":27,"column":54}},"21":{"start":{"line":28,"column":0},"end":{"line":28,"column":56}},"22":{"start":{"line":29,"column":0},"end":{"line":29,"column":48}},"23":{"start":{"line":30,"column":0},"end":{"line":30,"column":49}},"24":{"start":{"line":32,"column":0},"end":{"line":32,"column":24}}},"fnMap":{},"branchMap":{},"s":{"0":1,"1":1,"2":1,"3":1,"4":1,"5":1,"6":1,"7":1,"8":1,"9":1,"10":1,"11":1,"12":1,"13":1,"14":1,"15":1,"16":1,"17":1,"18":1,"19":1,"20":1,"21":1,"22":1,"23":1,"24":1},"f":{},"b":{},"_coverageSchema":"1a1c01bbd47fc00a2c39e90264f33305004495a9","hash":"1098a814f6a9f196e77e092d0c187a32c1d77660"}
}
