{"D:\\Hacktiv\\phase 2\\IP-HCK81\\server\\index.js": {"path":"D:\\Hacktiv\\phase 2\\IP-HCK81\\server\\index.js","statementMap":{"0":{"start":{"line":1,"column":0},"end":{"line":3,"column":1}},"1":{"start":{"line":2,"column":2},"end":{"line":2,"column":29}},"2":{"start":{"line":4,"column":16},"end":{"line":4,"column":34}},"3":{"start":{"line":5,"column":15},"end":{"line":5,"column":34}},"4":{"start":{"line":6,"column":25},"end":{"line":6,"column":62}},"5":{"start":{"line":7,"column":12},"end":{"line":7,"column":21}},"6":{"start":{"line":8,"column":13},"end":{"line":8,"column":28}},"7":{"start":{"line":10,"column":0},"end":{"line":10,"column":16}},"8":{"start":{"line":11,"column":0},"end":{"line":11,"column":49}},"9":{"start":{"line":12,"column":0},"end":{"line":12,"column":24}},"10":{"start":{"line":14,"column":0},"end":{"line":14,"column":20}},"11":{"start":{"line":16,"column":0},"end":{"line":16,"column":21}},"12":{"start":{"line":20,"column":0},"end":{"line":20,"column":20}}},"fnMap":{},"branchMap":{"0":{"loc":{"start":{"line":1,"column":0},"end":{"line":3,"column":1}},"type":"if","locations":[{"start":{"line":1,"column":0},"end":{"line":3,"column":1}},{"start":{},"end":{}}],"line":1}},"s":{"0":1,"1":1,"2":1,"3":1,"4":1,"5":1,"6":1,"7":1,"8":1,"9":1,"10":1,"11":1,"12":1},"f":{},"b":{"0":[1,0]},"_coverageSchema":"1a1c01bbd47fc00a2c39e90264f33305004495a9","hash":"b480e0cb6a273e63a03cadf0acc0dc6197d55e17"}
,"D:\\Hacktiv\\phase 2\\IP-HCK81\\server\\controllers\\gameController.js": {"path":"D:\\Hacktiv\\phase 2\\IP-HCK81\\server\\controllers\\gameController.js","statementMap":{"0":{"start":{"line":1,"column":33},"end":{"line":1,"column":53}},"1":{"start":{"line":2,"column":24},"end":{"line":2,"column":48}},"2":{"start":{"line":4,"column":0},"end":{"line":86,"column":1}},"3":{"start":{"line":6,"column":8},"end":{"line":11,"column":9}},"4":{"start":{"line":7,"column":26},"end":{"line":7,"column":54}},"5":{"start":{"line":8,"column":12},"end":{"line":8,"column":39}},"6":{"start":{"line":10,"column":12},"end":{"line":10,"column":23}},"7":{"start":{"line":15,"column":8},"end":{"line":34,"column":9}},"8":{"start":{"line":16,"column":31},"end":{"line":16,"column":41}},"9":{"start":{"line":17,"column":25},"end":{"line":27,"column":14}},"10":{"start":{"line":28,"column":12},"end":{"line":30,"column":13}},"11":{"start":{"line":29,"column":16},"end":{"line":29,"column":71}},"12":{"start":{"line":31,"column":12},"end":{"line":31,"column":39}},"13":{"start":{"line":33,"column":12},"end":{"line":33,"column":24}},"14":{"start":{"line":38,"column":8},"end":{"line":48,"column":9}},"15":{"start":{"line":39,"column":58},"end":{"line":39,"column":67}},"16":{"start":{"line":40,"column":26},"end":{"line":40,"column":28}},"17":{"start":{"line":41,"column":26},"end":{"line":41,"column":97}},"18":{"start":{"line":42,"column":12},"end":{"line":42,"column":35}},"19":{"start":{"line":43,"column":12},"end":{"line":43,"column":32}},"20":{"start":{"line":44,"column":12},"end":{"line":44,"column":45}},"21":{"start":{"line":45,"column":12},"end":{"line":45,"column":39}},"22":{"start":{"line":47,"column":12},"end":{"line":47,"column":23}},"23":{"start":{"line":52,"column":8},"end":{"line":84,"column":9}},"24":{"start":{"line":53,"column":37},"end":{"line":53,"column":45}},"25":{"start":{"line":54,"column":25},"end":{"line":56,"column":14}},"26":{"start":{"line":58,"column":12},"end":{"line":60,"column":13}},"27":{"start":{"line":59,"column":16},"end":{"line":59,"column":95}},"28":{"start":{"line":62,"column":25},"end":{"line":62,"column":348}},"29":{"start":{"line":64,"column":23},"end":{"line":64,"column":78}},"30":{"start":{"line":65,"column":29},"end":{"line":68,"column":14}},"31":{"start":{"line":70,"column":12},"end":{"line":72,"column":13}},"32":{"start":{"line":71,"column":16},"end":{"line":71,"column":96}},"33":{"start":{"line":74,"column":24},"end":{"line":74,"column":50}},"34":{"start":{"line":75,"column":26},"end":{"line":75,"column":90}},"35":{"start":{"line":75,"column":73},"end":{"line":75,"column":89}},"36":{"start":{"line":76,"column":24},"end":{"line":78,"column":15}},"37":{"start":{"line":77,"column":16},"end":{"line":77,"column":41}},"38":{"start":{"line":80,"column":26},"end":{"line":80,"column":34}},"39":{"start":{"line":81,"column":12},"end":{"line":81,"column":53}},"40":{"start":{"line":83,"column":12},"end":{"line":83,"column":24}}},"fnMap":{"0":{"name":"(anonymous_0)","decl":{"start":{"line":5,"column":4},"end":{"line":5,"column":5}},"loc":{"start":{"line":5,"column":42},"end":{"line":12,"column":5}},"line":5},"1":{"name":"(anonymous_1)","decl":{"start":{"line":14,"column":4},"end":{"line":14,"column":5}},"loc":{"start":{"line":14,"column":50},"end":{"line":35,"column":5}},"line":14},"2":{"name":"(anonymous_2)","decl":{"start":{"line":37,"column":4},"end":{"line":37,"column":5}},"loc":{"start":{"line":37,"column":48},"end":{"line":49,"column":5}},"line":37},"3":{"name":"(anonymous_3)","decl":{"start":{"line":51,"column":4},"end":{"line":51,"column":5}},"loc":{"start":{"line":51,"column":53},"end":{"line":85,"column":5}},"line":51},"4":{"name":"(anonymous_4)","decl":{"start":{"line":75,"column":67},"end":{"line":75,"column":68}},"loc":{"start":{"line":75,"column":73},"end":{"line":75,"column":89}},"line":75},"5":{"name":"(anonymous_5)","decl":{"start":{"line":76,"column":54},"end":{"line":76,"column":55}},"loc":{"start":{"line":76,"column":68},"end":{"line":78,"column":13}},"line":76}},"branchMap":{"0":{"loc":{"start":{"line":28,"column":12},"end":{"line":30,"column":13}},"type":"if","locations":[{"start":{"line":28,"column":12},"end":{"line":30,"column":13}},{"start":{},"end":{}}],"line":28},"1":{"loc":{"start":{"line":42,"column":25},"end":{"line":42,"column":34}},"type":"binary-expr","locations":[{"start":{"line":42,"column":25},"end":{"line":42,"column":29}},{"start":{"line":42,"column":33},"end":{"line":42,"column":34}}],"line":42},"2":{"loc":{"start":{"line":58,"column":12},"end":{"line":60,"column":13}},"type":"if","locations":[{"start":{"line":58,"column":12},"end":{"line":60,"column":13}},{"start":{},"end":{}}],"line":58},"3":{"loc":{"start":{"line":58,"column":16},"end":{"line":58,"column":42}},"type":"binary-expr","locations":[{"start":{"line":58,"column":16},"end":{"line":58,"column":21}},{"start":{"line":58,"column":25},"end":{"line":58,"column":42}}],"line":58},"4":{"loc":{"start":{"line":70,"column":12},"end":{"line":72,"column":13}},"type":"if","locations":[{"start":{"line":70,"column":12},"end":{"line":72,"column":13}},{"start":{},"end":{}}],"line":70},"5":{"loc":{"start":{"line":70,"column":16},"end":{"line":70,"column":43}},"type":"binary-expr","locations":[{"start":{"line":70,"column":16},"end":{"line":70,"column":25}},{"start":{"line":70,"column":29},"end":{"line":70,"column":43}}],"line":70}},"s":{"0":1,"1":1,"2":1,"3":1,"4":1,"5":1,"6":0,"7":3,"8":3,"9":3,"10":3,"11":2,"12":1,"13":2,"14":2,"15":2,"16":2,"17":2,"18":1,"19":1,"20":1,"21":1,"22":1,"23":2,"24":2,"25":2,"26":1,"27":0,"28":1,"29":1,"30":1,"31":1,"32":0,"33":1,"34":1,"35":3,"36":1,"37":3,"38":1,"39":1,"40":1},"f":{"0":1,"1":3,"2":2,"3":2,"4":3,"5":3},"b":{"0":[2,1],"1":[1,1],"2":[0,1],"3":[1,1],"4":[0,1],"5":[1,1]},"_coverageSchema":"1a1c01bbd47fc00a2c39e90264f33305004495a9","hash":"684c13a21549deb7b2862c5c1a905ada46509c2c"}
,"D:\\Hacktiv\\phase 2\\IP-HCK81\\server\\controllers\\userController.js": {"path":"D:\\Hacktiv\\phase 2\\IP-HCK81\\server\\controllers\\userController.js","statementMap":{"0":{"start":{"line":1,"column":17},"end":{"line":1,"column":37}},"1":{"start":{"line":2,"column":24},"end":{"line":2,"column":52}},"2":{"start":{"line":3,"column":22},"end":{"line":3,"column":47}},"3":{"start":{"line":4,"column":25},"end":{"line":4,"column":55}},"4":{"start":{"line":6,"column":0},"end":{"line":122,"column":1}},"5":{"start":{"line":8,"column":8},"end":{"line":20,"column":9}},"6":{"start":{"line":9,"column":50},"end":{"line":9,"column":58}},"7":{"start":{"line":10,"column":12},"end":{"line":15,"column":13}},"8":{"start":{"line":11,"column":16},"end":{"line":14,"column":17}},"9":{"start":{"line":16,"column":25},"end":{"line":16,"column":73}},"10":{"start":{"line":17,"column":12},"end":{"line":17,"column":85}},"11":{"start":{"line":19,"column":12},"end":{"line":19,"column":24}},"12":{"start":{"line":24,"column":8},"end":{"line":46,"column":9}},"13":{"start":{"line":25,"column":43},"end":{"line":25,"column":51}},"14":{"start":{"line":26,"column":12},"end":{"line":31,"column":13}},"15":{"start":{"line":27,"column":16},"end":{"line":30,"column":17}},"16":{"start":{"line":32,"column":23},"end":{"line":34,"column":14}},"17":{"start":{"line":35,"column":12},"end":{"line":40,"column":13}},"18":{"start":{"line":36,"column":16},"end":{"line":39,"column":17}},"19":{"start":{"line":41,"column":24},"end":{"line":41,"column":50}},"20":{"start":{"line":43,"column":12},"end":{"line":43,"column":44}},"21":{"start":{"line":45,"column":12},"end":{"line":45,"column":24}},"22":{"start":{"line":50,"column":8},"end":{"line":70,"column":9}},"23":{"start":{"line":51,"column":36},"end":{"line":51,"column":44}},"24":{"start":{"line":52,"column":27},"end":{"line":52,"column":45}},"25":{"start":{"line":53,"column":27},"end":{"line":56,"column":14}},"26":{"start":{"line":57,"column":28},"end":{"line":57,"column":47}},"27":{"start":{"line":58,"column":27},"end":{"line":65,"column":14}},"28":{"start":{"line":66,"column":24},"end":{"line":66,"column":50}},"29":{"start":{"line":67,"column":12},"end":{"line":67,"column":44}},"30":{"start":{"line":69,"column":12},"end":{"line":69,"column":24}},"31":{"start":{"line":74,"column":8},"end":{"line":86,"column":9}},"32":{"start":{"line":75,"column":27},"end":{"line":75,"column":38}},"33":{"start":{"line":76,"column":23},"end":{"line":79,"column":14}},"34":{"start":{"line":80,"column":12},"end":{"line":82,"column":13}},"35":{"start":{"line":81,"column":16},"end":{"line":81,"column":71}},"36":{"start":{"line":83,"column":12},"end":{"line":83,"column":39}},"37":{"start":{"line":85,"column":12},"end":{"line":85,"column":24}},"38":{"start":{"line":90,"column":29},"end":{"line":90,"column":37}},"39":{"start":{"line":91,"column":8},"end":{"line":91,"column":47}},"40":{"start":{"line":95,"column":8},"end":{"line":108,"column":9}},"41":{"start":{"line":96,"column":56},"end":{"line":96,"column":64}},"42":{"start":{"line":97,"column":12},"end":{"line":99,"column":13}},"43":{"start":{"line":98,"column":16},"end":{"line":98,"column":81}},"44":{"start":{"line":100,"column":27},"end":{"line":100,"column":38}},"45":{"start":{"line":101,"column":12},"end":{"line":104,"column":13}},"46":{"start":{"line":105,"column":12},"end":{"line":105,"column":83}},"47":{"start":{"line":107,"column":12},"end":{"line":107,"column":24}},"48":{"start":{"line":112,"column":8},"end":{"line":120,"column":9}},"49":{"start":{"line":113,"column":27},"end":{"line":113,"column":38}},"50":{"start":{"line":114,"column":12},"end":{"line":116,"column":14}},"51":{"start":{"line":117,"column":12},"end":{"line":117,"column":75}},"52":{"start":{"line":119,"column":12},"end":{"line":119,"column":24}}},"fnMap":{"0":{"name":"(anonymous_0)","decl":{"start":{"line":7,"column":4},"end":{"line":7,"column":5}},"loc":{"start":{"line":7,"column":42},"end":{"line":21,"column":5}},"line":7},"1":{"name":"(anonymous_1)","decl":{"start":{"line":23,"column":4},"end":{"line":23,"column":5}},"loc":{"start":{"line":23,"column":39},"end":{"line":47,"column":5}},"line":23},"2":{"name":"(anonymous_2)","decl":{"start":{"line":49,"column":4},"end":{"line":49,"column":5}},"loc":{"start":{"line":49,"column":45},"end":{"line":71,"column":5}},"line":49},"3":{"name":"(anonymous_3)","decl":{"start":{"line":73,"column":4},"end":{"line":73,"column":5}},"loc":{"start":{"line":73,"column":47},"end":{"line":87,"column":5}},"line":73},"4":{"name":"(anonymous_4)","decl":{"start":{"line":89,"column":4},"end":{"line":89,"column":5}},"loc":{"start":{"line":89,"column":35},"end":{"line":92,"column":5}},"line":89},"5":{"name":"(anonymous_5)","decl":{"start":{"line":94,"column":4},"end":{"line":94,"column":5}},"loc":{"start":{"line":94,"column":45},"end":{"line":109,"column":5}},"line":94},"6":{"name":"(anonymous_6)","decl":{"start":{"line":111,"column":4},"end":{"line":111,"column":5}},"loc":{"start":{"line":111,"column":46},"end":{"line":121,"column":5}},"line":111}},"branchMap":{"0":{"loc":{"start":{"line":10,"column":12},"end":{"line":15,"column":13}},"type":"if","locations":[{"start":{"line":10,"column":12},"end":{"line":15,"column":13}},{"start":{},"end":{}}],"line":10},"1":{"loc":{"start":{"line":10,"column":16},"end":{"line":10,"column":48}},"type":"binary-expr","locations":[{"start":{"line":10,"column":16},"end":{"line":10,"column":25}},{"start":{"line":10,"column":29},"end":{"line":10,"column":35}},{"start":{"line":10,"column":39},"end":{"line":10,"column":48}}],"line":10},"2":{"loc":{"start":{"line":26,"column":12},"end":{"line":31,"column":13}},"type":"if","locations":[{"start":{"line":26,"column":12},"end":{"line":31,"column":13}},{"start":{},"end":{}}],"line":26},"3":{"loc":{"start":{"line":26,"column":16},"end":{"line":26,"column":38}},"type":"binary-expr","locations":[{"start":{"line":26,"column":16},"end":{"line":26,"column":25}},{"start":{"line":26,"column":29},"end":{"line":26,"column":38}}],"line":26},"4":{"loc":{"start":{"line":35,"column":12},"end":{"line":40,"column":13}},"type":"if","locations":[{"start":{"line":35,"column":12},"end":{"line":40,"column":13}},{"start":{},"end":{}}],"line":35},"5":{"loc":{"start":{"line":35,"column":16},"end":{"line":35,"column":62}},"type":"binary-expr","locations":[{"start":{"line":35,"column":16},"end":{"line":35,"column":21}},{"start":{"line":35,"column":25},"end":{"line":35,"column":62}}],"line":35},"6":{"loc":{"start":{"line":80,"column":12},"end":{"line":82,"column":13}},"type":"if","locations":[{"start":{"line":80,"column":12},"end":{"line":82,"column":13}},{"start":{},"end":{}}],"line":80},"7":{"loc":{"start":{"line":97,"column":12},"end":{"line":99,"column":13}},"type":"if","locations":[{"start":{"line":97,"column":12},"end":{"line":99,"column":13}},{"start":{},"end":{}}],"line":97},"8":{"loc":{"start":{"line":97,"column":16},"end":{"line":97,"column":51}},"type":"binary-expr","locations":[{"start":{"line":97,"column":16},"end":{"line":97,"column":33}},{"start":{"line":97,"column":37},"end":{"line":97,"column":51}}],"line":97}},"s":{"0":1,"1":1,"2":1,"3":1,"4":1,"5":7,"6":7,"7":7,"8":3,"9":4,"10":1,"11":6,"12":8,"13":8,"14":8,"15":3,"16":5,"17":3,"18":2,"19":1,"20":1,"21":7,"22":0,"23":0,"24":0,"25":0,"26":0,"27":0,"28":0,"29":0,"30":0,"31":4,"32":4,"33":4,"34":2,"35":1,"36":1,"37":3,"38":1,"39":1,"40":6,"41":6,"42":6,"43":2,"44":4,"45":4,"46":1,"47":5,"48":5,"49":5,"50":5,"51":1,"52":4},"f":{"0":7,"1":8,"2":0,"3":4,"4":1,"5":6,"6":5},"b":{"0":[3,4],"1":[7,4,4],"2":[3,5],"3":[8,6],"4":[2,1],"5":[3,2],"6":[1,1],"7":[2,4],"8":[6,2]},"_coverageSchema":"1a1c01bbd47fc00a2c39e90264f33305004495a9","hash":"d0ad4e5697c84f0bc51cb4e7e09a0ee34e2a3c00"}
,"D:\\Hacktiv\\phase 2\\IP-HCK81\\server\\controllers\\wishlistController.js": {"path":"D:\\Hacktiv\\phase 2\\IP-HCK81\\server\\controllers\\wishlistController.js","statementMap":{"0":{"start":{"line":1,"column":27},"end":{"line":1,"column":47}},"1":{"start":{"line":3,"column":0},"end":{"line":117,"column":1}},"2":{"start":{"line":5,"column":8},"end":{"line":22,"column":9}},"3":{"start":{"line":6,"column":27},"end":{"line":6,"column":38}},"4":{"start":{"line":7,"column":31},"end":{"line":15,"column":14}},"5":{"start":{"line":16,"column":12},"end":{"line":18,"column":13}},"6":{"start":{"line":17,"column":16},"end":{"line":17,"column":74}},"7":{"start":{"line":19,"column":12},"end":{"line":19,"column":47}},"8":{"start":{"line":21,"column":12},"end":{"line":21,"column":24}},"9":{"start":{"line":26,"column":8},"end":{"line":44,"column":9}},"10":{"start":{"line":27,"column":27},"end":{"line":27,"column":38}},"11":{"start":{"line":28,"column":31},"end":{"line":28,"column":41}},"12":{"start":{"line":29,"column":27},"end":{"line":29,"column":72}},"13":{"start":{"line":30,"column":12},"end":{"line":32,"column":13}},"14":{"start":{"line":31,"column":16},"end":{"line":31,"column":72}},"15":{"start":{"line":33,"column":30},"end":{"line":33,"column":83}},"16":{"start":{"line":34,"column":12},"end":{"line":39,"column":13}},"17":{"start":{"line":35,"column":16},"end":{"line":38,"column":17}},"18":{"start":{"line":40,"column":12},"end":{"line":40,"column":53}},"19":{"start":{"line":41,"column":12},"end":{"line":41,"column":67}},"20":{"start":{"line":43,"column":12},"end":{"line":43,"column":24}},"21":{"start":{"line":48,"column":8},"end":{"line":63,"column":9}},"22":{"start":{"line":49,"column":27},"end":{"line":49,"column":38}},"23":{"start":{"line":50,"column":31},"end":{"line":50,"column":41}},"24":{"start":{"line":51,"column":27},"end":{"line":51,"column":72}},"25":{"start":{"line":52,"column":12},"end":{"line":54,"column":13}},"26":{"start":{"line":53,"column":16},"end":{"line":53,"column":70}},"27":{"start":{"line":55,"column":30},"end":{"line":55,"column":83}},"28":{"start":{"line":56,"column":12},"end":{"line":58,"column":13}},"29":{"start":{"line":57,"column":16},"end":{"line":57,"column":73}},"30":{"start":{"line":59,"column":12},"end":{"line":59,"column":65}},"31":{"start":{"line":60,"column":12},"end":{"line":60,"column":67}},"32":{"start":{"line":62,"column":12},"end":{"line":62,"column":24}},"33":{"start":{"line":67,"column":8},"end":{"line":82,"column":9}},"34":{"start":{"line":68,"column":27},"end":{"line":68,"column":38}},"35":{"start":{"line":69,"column":31},"end":{"line":69,"column":41}},"36":{"start":{"line":70,"column":27},"end":{"line":70,"column":72}},"37":{"start":{"line":71,"column":12},"end":{"line":73,"column":13}},"38":{"start":{"line":72,"column":16},"end":{"line":72,"column":70}},"39":{"start":{"line":74,"column":30},"end":{"line":74,"column":83}},"40":{"start":{"line":75,"column":12},"end":{"line":77,"column":13}},"41":{"start":{"line":76,"column":16},"end":{"line":76,"column":77}},"42":{"start":{"line":78,"column":12},"end":{"line":78,"column":86}},"43":{"start":{"line":79,"column":12},"end":{"line":79,"column":69}},"44":{"start":{"line":81,"column":12},"end":{"line":81,"column":24}},"45":{"start":{"line":86,"column":8},"end":{"line":96,"column":9}},"46":{"start":{"line":87,"column":27},"end":{"line":87,"column":38}},"47":{"start":{"line":88,"column":31},"end":{"line":88,"column":41}},"48":{"start":{"line":89,"column":30},"end":{"line":89,"column":83}},"49":{"start":{"line":90,"column":12},"end":{"line":92,"column":13}},"50":{"start":{"line":91,"column":16},"end":{"line":91,"column":75}},"51":{"start":{"line":93,"column":12},"end":{"line":93,"column":46}},"52":{"start":{"line":95,"column":12},"end":{"line":95,"column":24}},"53":{"start":{"line":100,"column":8},"end":{"line":115,"column":9}},"54":{"start":{"line":101,"column":27},"end":{"line":101,"column":38}},"55":{"start":{"line":102,"column":40},"end":{"line":102,"column":48}},"56":{"start":{"line":103,"column":31},"end":{"line":103,"column":41}},"57":{"start":{"line":104,"column":12},"end":{"line":106,"column":13}},"58":{"start":{"line":105,"column":16},"end":{"line":105,"column":83}},"59":{"start":{"line":107,"column":30},"end":{"line":107,"column":83}},"60":{"start":{"line":108,"column":12},"end":{"line":110,"column":13}},"61":{"start":{"line":109,"column":16},"end":{"line":109,"column":75}},"62":{"start":{"line":111,"column":12},"end":{"line":111,"column":102}},"63":{"start":{"line":112,"column":12},"end":{"line":112,"column":64}},"64":{"start":{"line":114,"column":12},"end":{"line":114,"column":24}}},"fnMap":{"0":{"name":"(anonymous_0)","decl":{"start":{"line":4,"column":4},"end":{"line":4,"column":5}},"loc":{"start":{"line":4,"column":45},"end":{"line":23,"column":5}},"line":4},"1":{"name":"(anonymous_1)","decl":{"start":{"line":25,"column":4},"end":{"line":25,"column":5}},"loc":{"start":{"line":25,"column":48},"end":{"line":45,"column":5}},"line":25},"2":{"name":"(anonymous_2)","decl":{"start":{"line":47,"column":4},"end":{"line":47,"column":5}},"loc":{"start":{"line":47,"column":48},"end":{"line":64,"column":5}},"line":47},"3":{"name":"(anonymous_3)","decl":{"start":{"line":66,"column":4},"end":{"line":66,"column":5}},"loc":{"start":{"line":66,"column":48},"end":{"line":83,"column":5}},"line":66},"4":{"name":"(anonymous_4)","decl":{"start":{"line":85,"column":4},"end":{"line":85,"column":5}},"loc":{"start":{"line":85,"column":44},"end":{"line":97,"column":5}},"line":85},"5":{"name":"(anonymous_5)","decl":{"start":{"line":99,"column":4},"end":{"line":99,"column":5}},"loc":{"start":{"line":99,"column":44},"end":{"line":116,"column":5}},"line":99}},"branchMap":{"0":{"loc":{"start":{"line":16,"column":12},"end":{"line":18,"column":13}},"type":"if","locations":[{"start":{"line":16,"column":12},"end":{"line":18,"column":13}},{"start":{},"end":{}}],"line":16},"1":{"loc":{"start":{"line":30,"column":12},"end":{"line":32,"column":13}},"type":"if","locations":[{"start":{"line":30,"column":12},"end":{"line":32,"column":13}},{"start":{},"end":{}}],"line":30},"2":{"loc":{"start":{"line":34,"column":12},"end":{"line":39,"column":13}},"type":"if","locations":[{"start":{"line":34,"column":12},"end":{"line":39,"column":13}},{"start":{},"end":{}}],"line":34},"3":{"loc":{"start":{"line":52,"column":12},"end":{"line":54,"column":13}},"type":"if","locations":[{"start":{"line":52,"column":12},"end":{"line":54,"column":13}},{"start":{},"end":{}}],"line":52},"4":{"loc":{"start":{"line":56,"column":12},"end":{"line":58,"column":13}},"type":"if","locations":[{"start":{"line":56,"column":12},"end":{"line":58,"column":13}},{"start":{},"end":{}}],"line":56},"5":{"loc":{"start":{"line":71,"column":12},"end":{"line":73,"column":13}},"type":"if","locations":[{"start":{"line":71,"column":12},"end":{"line":73,"column":13}},{"start":{},"end":{}}],"line":71},"6":{"loc":{"start":{"line":75,"column":12},"end":{"line":77,"column":13}},"type":"if","locations":[{"start":{"line":75,"column":12},"end":{"line":77,"column":13}},{"start":{},"end":{}}],"line":75},"7":{"loc":{"start":{"line":90,"column":12},"end":{"line":92,"column":13}},"type":"if","locations":[{"start":{"line":90,"column":12},"end":{"line":92,"column":13}},{"start":{},"end":{}}],"line":90},"8":{"loc":{"start":{"line":104,"column":12},"end":{"line":106,"column":13}},"type":"if","locations":[{"start":{"line":104,"column":12},"end":{"line":106,"column":13}},{"start":{},"end":{}}],"line":104},"9":{"loc":{"start":{"line":104,"column":16},"end":{"line":104,"column":53}},"type":"binary-expr","locations":[{"start":{"line":104,"column":16},"end":{"line":104,"column":24}},{"start":{"line":104,"column":28},"end":{"line":104,"column":38}},{"start":{"line":104,"column":42},"end":{"line":104,"column":53}}],"line":104},"10":{"loc":{"start":{"line":108,"column":12},"end":{"line":110,"column":13}},"type":"if","locations":[{"start":{"line":108,"column":12},"end":{"line":110,"column":13}},{"start":{},"end":{}}],"line":108}},"s":{"0":1,"1":1,"2":2,"3":2,"4":2,"5":1,"6":0,"7":1,"8":1,"9":3,"10":3,"11":3,"12":3,"13":3,"14":1,"15":2,"16":1,"17":0,"18":1,"19":1,"20":2,"21":3,"22":3,"23":3,"24":3,"25":3,"26":0,"27":3,"28":3,"29":1,"30":2,"31":1,"32":2,"33":2,"34":2,"35":2,"36":2,"37":2,"38":0,"39":2,"40":2,"41":0,"42":2,"43":1,"44":1,"45":2,"46":2,"47":2,"48":2,"49":1,"50":0,"51":1,"52":1,"53":3,"54":3,"55":3,"56":3,"57":3,"58":1,"59":2,"60":2,"61":0,"62":2,"63":1,"64":2},"f":{"0":2,"1":3,"2":3,"3":2,"4":2,"5":3},"b":{"0":[0,1],"1":[1,2],"2":[0,1],"3":[0,3],"4":[1,2],"5":[0,2],"6":[0,2],"7":[0,1],"8":[1,2],"9":[3,2,2],"10":[0,2]},"_coverageSchema":"1a1c01bbd47fc00a2c39e90264f33305004495a9","hash":"55a6d6849eae9b42b2879ffa08dd985221c002bf"}
,"D:\\Hacktiv\\phase 2\\IP-HCK81\\server\\middlewares\\authentication.js": {"path":"D:\\Hacktiv\\phase 2\\IP-HCK81\\server\\middlewares\\authentication.js","statementMap":{"0":{"start":{"line":1,"column":24},"end":{"line":1,"column":49}},"1":{"start":{"line":2,"column":17},"end":{"line":2,"column":37}},"2":{"start":{"line":4,"column":0},"end":{"line":21,"column":2}},"3":{"start":{"line":5,"column":4},"end":{"line":20,"column":5}},"4":{"start":{"line":6,"column":28},"end":{"line":6,"column":53}},"5":{"start":{"line":7,"column":8},"end":{"line":9,"column":9}},"6":{"start":{"line":8,"column":12},"end":{"line":8,"column":75}},"7":{"start":{"line":10,"column":22},"end":{"line":10,"column":47}},"8":{"start":{"line":11,"column":28},"end":{"line":11,"column":46}},"9":{"start":{"line":12,"column":19},"end":{"line":12,"column":55}},"10":{"start":{"line":13,"column":8},"end":{"line":15,"column":9}},"11":{"start":{"line":14,"column":12},"end":{"line":14,"column":75}},"12":{"start":{"line":16,"column":8},"end":{"line":16,"column":60}},"13":{"start":{"line":17,"column":8},"end":{"line":17,"column":15}},"14":{"start":{"line":19,"column":8},"end":{"line":19,"column":20}}},"fnMap":{"0":{"name":"authentication","decl":{"start":{"line":4,"column":32},"end":{"line":4,"column":46}},"loc":{"start":{"line":4,"column":63},"end":{"line":21,"column":1}},"line":4}},"branchMap":{"0":{"loc":{"start":{"line":7,"column":8},"end":{"line":9,"column":9}},"type":"if","locations":[{"start":{"line":7,"column":8},"end":{"line":9,"column":9}},{"start":{},"end":{}}],"line":7},"1":{"loc":{"start":{"line":13,"column":8},"end":{"line":15,"column":9}},"type":"if","locations":[{"start":{"line":13,"column":8},"end":{"line":15,"column":9}},{"start":{},"end":{}}],"line":13}},"s":{"0":1,"1":1,"2":1,"3":36,"4":36,"5":36,"6":2,"7":34,"8":34,"9":33,"10":33,"11":0,"12":33,"13":33,"14":3},"f":{"0":36},"b":{"0":[2,34],"1":[0,33]},"_coverageSchema":"1a1c01bbd47fc00a2c39e90264f33305004495a9","hash":"3f9d5186c4e5f9f0fde70ef744ac2af02ede6c4b"}
,"D:\\Hacktiv\\phase 2\\IP-HCK81\\server\\middlewares\\errorHandler.js": {"path":"D:\\Hacktiv\\phase 2\\IP-HCK81\\server\\middlewares\\errorHandler.js","statementMap":{"0":{"start":{"line":2,"column":4},"end":{"line":2,"column":23}},"1":{"start":{"line":3,"column":4},"end":{"line":25,"column":5}},"2":{"start":{"line":6,"column":12},"end":{"line":6,"column":70}},"3":{"start":{"line":7,"column":12},"end":{"line":7,"column":19}},"4":{"start":{"line":11,"column":12},"end":{"line":11,"column":59}},"5":{"start":{"line":12,"column":12},"end":{"line":12,"column":19}},"6":{"start":{"line":14,"column":12},"end":{"line":14,"column":60}},"7":{"start":{"line":15,"column":12},"end":{"line":15,"column":19}},"8":{"start":{"line":17,"column":12},"end":{"line":17,"column":64}},"9":{"start":{"line":18,"column":12},"end":{"line":18,"column":19}},"10":{"start":{"line":20,"column":12},"end":{"line":20,"column":60}},"11":{"start":{"line":21,"column":12},"end":{"line":21,"column":18}},"12":{"start":{"line":23,"column":12},"end":{"line":23,"column":72}},"13":{"start":{"line":24,"column":12},"end":{"line":24,"column":19}},"14":{"start":{"line":28,"column":0},"end":{"line":28,"column":34}}},"fnMap":{"0":{"name":"errorHandler","decl":{"start":{"line":1,"column":9},"end":{"line":1,"column":21}},"loc":{"start":{"line":1,"column":43},"end":{"line":26,"column":1}},"line":1}},"branchMap":{"0":{"loc":{"start":{"line":3,"column":4},"end":{"line":25,"column":5}},"type":"switch","locations":[{"start":{"line":4,"column":8},"end":{"line":4,"column":46}},{"start":{"line":5,"column":8},"end":{"line":7,"column":19}},{"start":{"line":8,"column":8},"end":{"line":8,"column":31}},{"start":{"line":9,"column":8},"end":{"line":9,"column":26}},{"start":{"line":10,"column":8},"end":{"line":12,"column":19}},{"start":{"line":13,"column":8},"end":{"line":15,"column":19}},{"start":{"line":16,"column":8},"end":{"line":18,"column":19}},{"start":{"line":19,"column":8},"end":{"line":21,"column":18}},{"start":{"line":22,"column":8},"end":{"line":24,"column":19}}],"line":3}},"s":{"0":41,"1":41,"2":1,"3":1,"4":10,"5":10,"6":4,"7":4,"8":1,"9":1,"10":4,"11":4,"12":21,"13":21,"14":1},"f":{"0":41},"b":{"0":[1,1,0,10,10,4,1,4,21]},"_coverageSchema":"1a1c01bbd47fc00a2c39e90264f33305004495a9","hash":"8c3cee4b9490a9aeb2e8080b3dfe61998132e02f"}
,"D:\\Hacktiv\\phase 2\\IP-HCK81\\server\\routes\\index.js": {"path":"D:\\Hacktiv\\phase 2\\IP-HCK81\\server\\routes\\index.js","statementMap":{"0":{"start":{"line":1,"column":16},"end":{"line":1,"column":34}},"1":{"start":{"line":2,"column":76},"end":{"line":2,"column":116}},"2":{"start":{"line":3,"column":92},"end":{"line":3,"column":132}},"3":{"start":{"line":4,"column":23},"end":{"line":4,"column":63}},"4":{"start":{"line":5,"column":115},"end":{"line":5,"column":159}},"5":{"start":{"line":6,"column":15},"end":{"line":6,"column":31}},"6":{"start":{"line":8,"column":0},"end":{"line":8,"column":28}},"7":{"start":{"line":9,"column":0},"end":{"line":9,"column":34}},"8":{"start":{"line":10,"column":0},"end":{"line":10,"column":41}},"9":{"start":{"line":12,"column":0},"end":{"line":12,"column":43}},"10":{"start":{"line":13,"column":0},"end":{"line":13,"column":30}},"11":{"start":{"line":14,"column":0},"end":{"line":14,"column":46}},"12":{"start":{"line":16,"column":0},"end":{"line":16,"column":26}},"13":{"start":{"line":17,"column":0},"end":{"line":17,"column":51}},"14":{"start":{"line":19,"column":0},"end":{"line":19,"column":28}},"15":{"start":{"line":20,"column":0},"end":{"line":20,"column":41}},"16":{"start":{"line":21,"column":0},"end":{"line":21,"column":48}},"17":{"start":{"line":22,"column":0},"end":{"line":22,"column":43}},"18":{"start":{"line":24,"column":0},"end":{"line":24,"column":36}},"19":{"start":{"line":25,"column":0},"end":{"line":25,"column":56}},"20":{"start":{"line":27,"column":0},"end":{"line":27,"column":54}},"21":{"start":{"line":28,"column":0},"end":{"line":28,"column":56}},"22":{"start":{"line":29,"column":0},"end":{"line":29,"column":48}},"23":{"start":{"line":30,"column":0},"end":{"line":30,"column":49}},"24":{"start":{"line":32,"column":0},"end":{"line":32,"column":24}}},"fnMap":{},"branchMap":{},"s":{"0":1,"1":1,"2":1,"3":1,"4":1,"5":1,"6":1,"7":1,"8":1,"9":1,"10":1,"11":1,"12":1,"13":1,"14":1,"15":1,"16":1,"17":1,"18":1,"19":1,"20":1,"21":1,"22":1,"23":1,"24":1},"f":{},"b":{},"_coverageSchema":"1a1c01bbd47fc00a2c39e90264f33305004495a9","hash":"1098a814f6a9f196e77e092d0c187a32c1d77660"}
}
