TN:
SF:index.js
FNF:0
FNH:0
DA:1,1
DA:2,1
DA:4,1
DA:5,1
DA:6,1
DA:7,1
DA:8,1
DA:10,1
DA:11,1
DA:12,1
DA:14,1
DA:16,1
DA:20,1
LF:13
LH:13
BRDA:1,0,0,1
BRDA:1,0,1,0
BRF:2
BRH:1
end_of_record
TN:
SF:controllers\gameController.js
FN:5,(anonymous_0)
FN:14,(anonymous_1)
FN:37,(anonymous_2)
FN:51,(anonymous_3)
FN:75,(anonymous_4)
FN:76,(anonymous_5)
FNF:6
FNH:6
FNDA:1,(anonymous_0)
FNDA:3,(anonymous_1)
FNDA:2,(anonymous_2)
FNDA:2,(anonymous_3)
FNDA:3,(anonymous_4)
FNDA:3,(anonymous_5)
DA:1,1
DA:2,1
DA:4,1
DA:6,1
DA:7,1
DA:8,1
DA:10,0
DA:15,3
DA:16,3
DA:17,3
DA:28,3
DA:29,2
DA:31,1
DA:33,2
DA:38,2
DA:39,2
DA:40,2
DA:41,2
DA:42,1
DA:43,1
DA:44,1
DA:45,1
DA:47,1
DA:52,2
DA:53,2
DA:54,2
DA:58,1
DA:59,0
DA:62,1
DA:64,1
DA:65,1
DA:70,1
DA:71,0
DA:74,1
DA:75,3
DA:76,1
DA:77,3
DA:80,1
DA:81,1
DA:83,1
LF:40
LH:37
BRDA:28,0,0,2
BRDA:28,0,1,1
BRDA:42,1,0,1
BRDA:42,1,1,1
BRDA:58,2,0,0
BRDA:58,2,1,1
BRDA:58,3,0,1
BRDA:58,3,1,1
BRDA:70,4,0,0
BRDA:70,4,1,1
BRDA:70,5,0,1
BRDA:70,5,1,1
BRF:12
BRH:10
end_of_record
TN:
SF:controllers\userController.js
FN:7,(anonymous_0)
FN:23,(anonymous_1)
FN:49,(anonymous_2)
FN:73,(anonymous_3)
FN:89,(anonymous_4)
FN:94,(anonymous_5)
FN:111,(anonymous_6)
FNF:7
FNH:6
FNDA:7,(anonymous_0)
FNDA:8,(anonymous_1)
FNDA:0,(anonymous_2)
FNDA:4,(anonymous_3)
FNDA:1,(anonymous_4)
FNDA:6,(anonymous_5)
FNDA:5,(anonymous_6)
DA:1,1
DA:2,1
DA:3,1
DA:4,1
DA:6,1
DA:8,7
DA:9,7
DA:10,7
DA:11,3
DA:16,4
DA:17,1
DA:19,6
DA:24,8
DA:25,8
DA:26,8
DA:27,3
DA:32,5
DA:35,3
DA:36,2
DA:41,1
DA:43,1
DA:45,7
DA:50,0
DA:51,0
DA:52,0
DA:53,0
DA:57,0
DA:58,0
DA:66,0
DA:67,0
DA:69,0
DA:74,4
DA:75,4
DA:76,4
DA:80,2
DA:81,1
DA:83,1
DA:85,3
DA:90,1
DA:91,1
DA:95,6
DA:96,6
DA:97,6
DA:98,2
DA:100,4
DA:101,4
DA:105,1
DA:107,5
DA:112,5
DA:113,5
DA:114,5
DA:117,1
DA:119,4
LF:53
LH:44
BRDA:10,0,0,3
BRDA:10,0,1,4
BRDA:10,1,0,7
BRDA:10,1,1,4
BRDA:10,1,2,4
BRDA:26,2,0,3
BRDA:26,2,1,5
BRDA:26,3,0,8
BRDA:26,3,1,6
BRDA:35,4,0,2
BRDA:35,4,1,1
BRDA:35,5,0,3
BRDA:35,5,1,2
BRDA:80,6,0,1
BRDA:80,6,1,1
BRDA:97,7,0,2
BRDA:97,7,1,4
BRDA:97,8,0,6
BRDA:97,8,1,2
BRF:19
BRH:19
end_of_record
TN:
SF:controllers\wishlistController.js
FN:4,(anonymous_0)
FN:25,(anonymous_1)
FN:47,(anonymous_2)
FN:66,(anonymous_3)
FN:85,(anonymous_4)
FN:99,(anonymous_5)
FNF:6
FNH:6
FNDA:2,(anonymous_0)
FNDA:3,(anonymous_1)
FNDA:3,(anonymous_2)
FNDA:2,(anonymous_3)
FNDA:2,(anonymous_4)
FNDA:3,(anonymous_5)
DA:1,1
DA:3,1
DA:5,2
DA:6,2
DA:7,2
DA:16,1
DA:17,0
DA:19,1
DA:21,1
DA:26,3
DA:27,3
DA:28,3
DA:29,3
DA:30,3
DA:31,1
DA:33,2
DA:34,1
DA:35,0
DA:40,1
DA:41,1
DA:43,2
DA:48,3
DA:49,3
DA:50,3
DA:51,3
DA:52,3
DA:53,0
DA:55,3
DA:56,3
DA:57,1
DA:59,2
DA:60,1
DA:62,2
DA:67,2
DA:68,2
DA:69,2
DA:70,2
DA:71,2
DA:72,0
DA:74,2
DA:75,2
DA:76,0
DA:78,2
DA:79,1
DA:81,1
DA:86,2
DA:87,2
DA:88,2
DA:89,2
DA:90,1
DA:91,0
DA:93,1
DA:95,1
DA:100,3
DA:101,3
DA:102,3
DA:103,3
DA:104,3
DA:105,1
DA:107,2
DA:108,2
DA:109,0
DA:111,2
DA:112,1
DA:114,2
LF:65
LH:58
BRDA:16,0,0,0
BRDA:16,0,1,1
BRDA:30,1,0,1
BRDA:30,1,1,2
BRDA:34,2,0,0
BRDA:34,2,1,1
BRDA:52,3,0,0
BRDA:52,3,1,3
BRDA:56,4,0,1
BRDA:56,4,1,2
BRDA:71,5,0,0
BRDA:71,5,1,2
BRDA:75,6,0,0
BRDA:75,6,1,2
BRDA:90,7,0,0
BRDA:90,7,1,1
BRDA:104,8,0,1
BRDA:104,8,1,2
BRDA:104,9,0,3
BRDA:104,9,1,2
BRDA:104,9,2,2
BRDA:108,10,0,0
BRDA:108,10,1,2
BRF:23
BRH:16
end_of_record
TN:
SF:middlewares\authentication.js
FN:4,authentication
FNF:1
FNH:1
FNDA:36,authentication
DA:1,1
DA:2,1
DA:4,1
DA:5,36
DA:6,36
DA:7,36
DA:8,2
DA:10,34
DA:11,34
DA:12,33
DA:13,33
DA:14,0
DA:16,33
DA:17,33
DA:19,3
LF:15
LH:14
BRDA:7,0,0,2
BRDA:7,0,1,34
BRDA:13,1,0,0
BRDA:13,1,1,33
BRF:4
BRH:3
end_of_record
TN:
SF:middlewares\errorHandler.js
FN:1,errorHandler
FNF:1
FNH:1
FNDA:41,errorHandler
DA:2,41
DA:3,41
DA:6,1
DA:7,1
DA:11,10
DA:12,10
DA:14,4
DA:15,4
DA:17,1
DA:18,1
DA:20,4
DA:21,4
DA:23,21
DA:24,21
DA:28,1
LF:15
LH:15
BRDA:3,0,0,1
BRDA:3,0,1,1
BRDA:3,0,2,0
BRDA:3,0,3,10
BRDA:3,0,4,10
BRDA:3,0,5,4
BRDA:3,0,6,1
BRDA:3,0,7,4
BRDA:3,0,8,21
BRF:9
BRH:8
end_of_record
TN:
SF:routes\index.js
FNF:0
FNH:0
DA:1,1
DA:2,1
DA:3,1
DA:4,1
DA:5,1
DA:6,1
DA:8,1
DA:9,1
DA:10,1
DA:12,1
DA:13,1
DA:14,1
DA:16,1
DA:17,1
DA:19,1
DA:20,1
DA:21,1
DA:22,1
DA:24,1
DA:25,1
DA:27,1
DA:28,1
DA:29,1
DA:30,1
DA:32,1
LF:25
LH:25
BRF:0
BRH:0
end_of_record
